Building DAG of jobs...
Using shell: /bin/bash
Provided cores: 1 (use --cores to define parallelism)
Rules claiming more threads will be scaled down.
Job counts:
	count	jobs
	1	align
	1	ancestral
	1	export
	1	filter
	1	refine
	1	traits
	1	translate
	1	tree
	8

[Fri Dec 13 13:38:37 2019]
Job 7: 
        Filtering to
          - excluding strains in config/dropped_strains.txt
        

[Fri Dec 13 13:38:41 2019]
Finished job 7.
1 of 8 steps (12%) done

[Fri Dec 13 13:38:41 2019]
Job 6: 
        Aligning sequences to config/reference.gb
          - filling gaps with N
        

[Fri Dec 13 13:38:56 2019]
Finished job 6.
2 of 8 steps (25%) done

[Fri Dec 13 13:38:56 2019]
Job 5: Building tree

[Fri Dec 13 13:39:00 2019]
Finished job 5.
3 of 8 steps (38%) done

[Fri Dec 13 13:39:00 2019]
Job 1: 
        Refining tree
          - estimate timetree
          - use opt coalescent timescale
          - estimate marginal node dates
          - filter tips more than 4 IQDs from clock expectation
        

[Fri Dec 13 13:41:35 2019]
Finished job 1.
4 of 8 steps (50%) done

[Fri Dec 13 13:41:35 2019]
Job 3: Reconstructing ancestral sequences and mutations

[Fri Dec 13 13:41:40 2019]
Finished job 3.
5 of 8 steps (62%) done

[Fri Dec 13 13:41:40 2019]
Job 4: Translating amino acid sequences

[Fri Dec 13 13:41:42 2019]
Finished job 4.
6 of 8 steps (75%) done

[Fri Dec 13 13:41:42 2019]
Job 2: Inferring ancestral traits for country state

[Fri Dec 13 13:41:43 2019]
Finished job 2.
7 of 8 steps (88%) done

[Fri Dec 13 13:41:43 2019]
Job 0: Exporting data files for for auspice

[Fri Dec 13 13:41:44 2019]
Error in rule export:
    jobid: 0
    output: auspice/BrazilDENV1_tree.json, auspice/BrazilDENV1_meta.json
    shell:
        
        augur export             --tree results/tree.nwk             --metadata data/metadata.tsv             --node-data results/branch_lengths.json results/traits.json results/nt_muts.json results/aa_muts.json             --colors config/colors.tsv             --lat-longs config/lat_longs.tsv             --auspice-config config/auspice_config.json             --output-tree auspice/BrazilDENV1_tree.json             --output-meta auspice/BrazilDENV1_meta.json
        
        (one of the commands exited with non-zero exit code; note that snakemake uses bash strict mode!)

Shutting down, this might take some time.
Exiting because a job execution failed. Look above for error message
Complete log: /Users/chaneykalinich/Documents/nextstrain/workdir/.snakemake/log/2019-12-13T133837.876159.snakemake.log
