Building DAG of jobs...
Using shell: /bin/bash
Provided cores: 8
Rules claiming more threads will be scaled down.
Job counts:
	count	jobs
	1	align
	1	ancestral
	1	export
	1	filter
	1	refine
	1	traits
	1	translate
	1	tree
	8

[Thu Feb 13 11:23:29 2020]
Job 7: 
        Filtering to
          - excluding strains in config/dropped_strains.txt
        

[Thu Feb 13 11:23:32 2020]
Finished job 7.
1 of 8 steps (12%) done

[Thu Feb 13 11:23:32 2020]
Job 6: 
        Aligning sequences to config/reference.gb
          - filling gaps with N
        

[Thu Feb 13 11:23:36 2020]
Finished job 6.
2 of 8 steps (25%) done

[Thu Feb 13 11:23:36 2020]
Job 5: Building tree

[Thu Feb 13 11:23:38 2020]
Finished job 5.
3 of 8 steps (38%) done

[Thu Feb 13 11:23:38 2020]
Job 1: 
        Refining tree
          - estimate timetree
          - use opt coalescent timescale
          - estimate marginal node dates
          - filter tips more than 4 IQDs from clock expectation
        

[Thu Feb 13 11:24:50 2020]
Finished job 1.
4 of 8 steps (50%) done

[Thu Feb 13 11:24:50 2020]
Job 2: Inferring ancestral traits for country state


[Thu Feb 13 11:24:50 2020]
Job 3: Reconstructing ancestral sequences and mutations

[Thu Feb 13 11:24:52 2020]
Finished job 2.
5 of 8 steps (62%) done
[Thu Feb 13 11:24:53 2020]
Finished job 3.
6 of 8 steps (75%) done

[Thu Feb 13 11:24:53 2020]
Job 4: Translating amino acid sequences

[Thu Feb 13 11:24:54 2020]
Finished job 4.
7 of 8 steps (88%) done

[Thu Feb 13 11:24:54 2020]
Job 0: Exporting data files for for auspice

[Thu Feb 13 11:24:56 2020]
Finished job 0.
8 of 8 steps (100%) done
Complete log: /Users/chaneykalinich/Documents/Spring 2020/Genomic-Epidemiology/exercise-4/.snakemake/log/2020-02-13T112329.453206.snakemake.log
