Building DAG of jobs...
Using shell: /bin/bash
Provided cores: 8
Rules claiming more threads will be scaled down.
Job counts:
	count	jobs
	1	export
	1

[Fri Jan  3 10:18:57 2020]
Job 0: Exporting data files for for auspice

[Fri Jan  3 10:19:00 2020]
Error in rule export:
    jobid: 0
    output: auspice/BrazilDENV1_tree.json, auspice/BrazilDENV1_meta.json
    shell:
        
        augur export             --tree results/tree.nwk             --metadata data/metadata.tsv             --node-data results/branch_lengths.json results/traits.json results/nt_muts.json results/aa_muts.json             --colors config/colors.tsv             --lat-longs config/lat_longs.tsv             --auspice-config config/auspice_config.json             --output-tree auspice/BrazilDENV1_tree.json             --output-meta auspice/BrazilDENV1_meta.json
        
        (one of the commands exited with non-zero exit code; note that snakemake uses bash strict mode!)

Shutting down, this might take some time.
Exiting because a job execution failed. Look above for error message
Complete log: /Users/chaneykalinich/Documents/nextstrain/workdir/.snakemake/log/2020-01-03T101856.945360.snakemake.log
