Building DAG of jobs...
Using shell: /bin/bash
Provided cores: 8
Rules claiming more threads will be scaled down.
Job counts:
	count	jobs
	1	align
	1	ancestral
	1	export
	1	filter
	1	refine
	1	traits
	1	translate
	1	tree
	8

[Thu Feb 13 11:19:14 2020]
Job 7: 
        Filtering to
          - excluding strains in config/dropped_strains.txt
        

[Thu Feb 13 11:19:17 2020]
Error in rule filter:
    jobid: 7
    output: results/filtered.fasta
    shell:
        
        augur filter             --sequences data/sequences.fasta             --metadata data/metadata.tsv             --exclude config/dropped_strains.txt             --output results/filtered.fasta
        
        (one of the commands exited with non-zero exit code; note that snakemake uses bash strict mode!)

Shutting down, this might take some time.
Exiting because a job execution failed. Look above for error message
Complete log: /Users/chaneykalinich/Documents/Spring 2020/Genomic-Epidemiology/exercise-4/.snakemake/log/2020-02-13T111914.148224.snakemake.log
